  main.cpp
D:\temp\Bank-System-Application\Bank_System\clsString.h(51,25): warning C4267: 'return': conversion from 'size_t' to 'short', possible loss of data
  (compiling source file 'main.cpp')
  
D:\temp\Bank-System-Application\Bank_System\clsString.h(56,29): warning C4267: 'return': conversion from 'size_t' to 'short', possible loss of data
  (compiling source file 'main.cpp')
  
D:\temp\Bank-System-Application\Bank_System\clsString.h(70,30): warning C4267: '=': conversion from 'size_t' to 'short', possible loss of data
  (compiling source file 'main.cpp')
  
D:\temp\Bank-System-Application\Bank_System\clsString.h(207,29): warning C4267: 'return': conversion from 'size_t' to 'short', possible loss of data
  (compiling source file 'main.cpp')
  
D:\temp\Bank-System-Application\Bank_System\clsString.h(335,30): warning C4267: '=': conversion from 'size_t' to 'short', possible loss of data
  (compiling source file 'main.cpp')
  
D:\temp\Bank-System-Application\Bank_System\clsString.h(383,22): warning C4267: 'initializing': conversion from 'size_t' to 'short', possible loss of data
  (compiling source file 'main.cpp')
  
D:\temp\Bank-System-Application\Bank_System\clsUtil.h(75,5): warning C4102: 'defualt': unreferenced label
  (compiling source file 'main.cpp')
  
D:\temp\Bank-System-Application\Bank_System\clsBankClient.h(34,149): warning C4244: 'argument': conversion from 'double' to 'float', possible loss of data
  (compiling source file 'main.cpp')
  
D:\temp\Bank-System-Application\Bank_System\clsDepositScreen.h(64,20): warning C4244: 'argument': conversion from 'double' to 'float', possible loss of data
  (compiling source file 'main.cpp')
  
D:\temp\Bank-System-Application\Bank_System\clsWithdrawScreen.h(62,24): warning C4244: 'argument': conversion from 'double' to 'float', possible loss of data
  (compiling source file 'main.cpp')
  
D:\temp\Bank-System-Application\Bank_System\clstotalBalancesScreen.h(61,87): warning C4244: 'argument': conversion from 'double' to 'int', possible loss of data
  (compiling source file 'main.cpp')
  
D:\temp\Bank-System-Application\Bank_System\clsBankClient.h(238,1): warning C4715: 'clsBankClient::Save': not all control paths return a value
D:\temp\Bank-System-Application\Bank_System\clsUser.h(275,1): warning C4715: 'clsUser::Save': not all control paths return a value
  Bank_System.vcxproj -> D:\temp\Bank-System-Application\x64\Debug\Bank_System.exe
